[15:27:45] [ServerMain/INFO]: Environment: Environment[accountsHost=https://api.mojang.com, sessionHost=https://sessionserver.mojang.com, servicesHost=https://api.minecraftservices.com, name=PROD]
[15:27:47] [ServerMain/INFO]: Loaded 7 recipes
[15:27:47] [ServerMain/INFO]: Loaded 1271 advancements
[15:27:47] [Server thread/INFO]: Starting minecraft server version 1.20.2
[15:27:47] [Server thread/INFO]: Loading properties
[15:27:47] [Server thread/INFO]: Default game type: SURVIVAL
[15:27:47] [Server thread/INFO]: Generating keypair
[15:27:47] [Server thread/INFO]: Starting Minecraft server on *:25565
[15:27:47] [Server thread/INFO]: Using default channel type
[15:27:47] [Server thread/INFO]: Preparing level "world"
[15:27:48] [Server thread/INFO]: Preparing start region for dimension minecraft:overworld
[15:27:50] [Worker-Main-1/INFO]: Preparing spawn area: 0%
[15:27:50] [Worker-Main-3/INFO]: Preparing spawn area: 0%
[15:27:50] [Worker-Main-6/INFO]: Preparing spawn area: 0%
[15:27:50] [Worker-Main-4/INFO]: Preparing spawn area: 0%
[15:27:50] [Worker-Main-5/INFO]: Preparing spawn area: 0%
[15:27:51] [Worker-Main-5/INFO]: Preparing spawn area: 0%
[15:27:51] [Worker-Main-4/INFO]: Preparing spawn area: 10%
[15:27:52] [Server thread/INFO]: Time elapsed: 3364 ms
[15:27:52] [Server thread/INFO]: Done (4.339s)! For help, type "help"
[15:29:04] [Server thread/INFO]: Stopping the server
[15:29:04] [Server thread/INFO]: Stopping server
[15:29:04] [Server thread/INFO]: Saving players
[15:29:04] [Server thread/INFO]: Saving worlds
[15:29:04] [Server thread/INFO]: Saving chunks for level 'ServerLevel[world]'/minecraft:overworld
[15:29:04] [Server thread/INFO]: Saving chunks for level 'ServerLevel[world]'/minecraft:the_end
[15:29:04] [Server thread/INFO]: Saving chunks for level 'ServerLevel[world]'/minecraft:the_nether
[15:29:04] [Server thread/INFO]: ThreadedAnvilChunkStorage (world): All chunks are saved
[15:29:04] [Server thread/INFO]: ThreadedAnvilChunkStorage (DIM1): All chunks are saved
[15:29:04] [Server thread/INFO]: ThreadedAnvilChunkStorage (DIM-1): All chunks are saved
[15:29:04] [Server thread/INFO]: ThreadedAnvilChunkStorage: All dimensions are saved
