[14Nov2024 00:02:03.922] [Server thread/INFO] [net.minecraft.server.MinecraftServer/]: <2CS> thunderball do you have any spare books in ur base
[14Nov2024 00:02:17.066] [Server thread/INFO] [net.minecraft.server.MinecraftServer/]: <thunderball> i have 10 books
[14Nov2024 00:03:21.210] [Server thread/INFO] [net.minecraft.world.entity.npc.Villager/]: Villager Villager['Daryl'/225181, l='ServerLevel[world]', x=881.30, y=67.00, z=350.59] died, message: 'Daryl was slain by Zombie'
[14Nov2024 00:03:21.210] [Server thread/INFO] [net.minecraft.world.entity.LivingEntity/]: Named entity Villager['Daryl'/225181, l='ServerLevel[world]', x=881.30, y=67.00, z=350.59] died: Daryl was slain by Zombie
[14Nov2024 00:03:51.465] [Server thread/INFO] [net.minecraft.server.MinecraftServer/]: <2CS> i had hella books where tf did they go
[14Nov2024 00:03:52.495] [Server thread/INFO] [net.minecraft.server.MinecraftServer/]: Averygoogplayer has made the advancement [Isn't It Iron Pick]
[14Nov2024 00:03:59.766] [Server thread/INFO] [net.minecraft.server.MinecraftServer/]: <thunderball> i didnt take any
[14Nov2024 00:04:04.856] [Server thread/INFO] [net.minecraft.world.entity.npc.Villager/]: Villager Villager['Carmelia'/225185, l='ServerLevel[world]', x=793.21, y=70.00, z=319.95] died, message: 'Carmelia was slain by Zombie'
[14Nov2024 00:04:04.857] [Server thread/INFO] [net.minecraft.world.entity.LivingEntity/]: Named entity Villager['Carmelia'/225185, l='ServerLevel[world]', x=793.21, y=70.00, z=319.95] died: Carmelia was slain by Zombie
[14Nov2024 00:04:42.013] [Server thread/INFO] [net.minecraft.server.MinecraftServer/]: <nnicholas_c> how do i open backpack nty
[14Nov2024 00:04:44.113] [Server thread/INFO] [net.minecraft.server.MinecraftServer/]: Averygoogplayer has made the advancement [Jennifer Dumped Me]
[14Nov2024 00:05:04.970] [Server thread/INFO] [net.minecraft.world.entity.LivingEntity/]: Named entity Guard['Alena'/223333, l='ServerLevel[world]', x=790.70, y=84.00, z=280.18] died: Alena was slain by Foliaath
[14Nov2024 00:05:11.023] [Server thread/INFO] [net.minecraft.server.MinecraftServer/]: <2CS> wtf i didnt realise how rare enchanting table is
[14Nov2024 00:05:14.211] [Server thread/INFO] [net.minecraft.world.entity.npc.Villager/]: Villager Villager['Elmo'/225180, l='ServerLevel[world]', x=807.87, y=68.00, z=323.50] died, message: 'Elmo was slain by Zombie'
[14Nov2024 00:05:14.212] [Server thread/INFO] [net.minecraft.world.entity.LivingEntity/]: Named entity Villager['Elmo'/225180, l='ServerLevel[world]', x=807.87, y=68.00, z=323.50] died: Elmo was slain by Zombie
[14Nov2024 00:05:14.223] [Server thread/INFO] [net.minecraft.server.MinecraftServer/]: nnicholas_c has made the advancement [This Must be a Sign!]
[14Nov2024 00:05:16.809] [Server thread/INFO] [net.minecraft.server.MinecraftServer/]: <2CS> im gonn have to yoink it back
[14Nov2024 00:05:19.566] [Server thread/INFO] [net.minecraft.world.entity.LivingEntity/]: Named entity Guard['Efren'/223214, l='ServerLevel[world]', x=787.50, y=83.00, z=279.59] died: Efren was slain by Foliaath
[14Nov2024 00:05:19.876] [Server thread/INFO] [net.minecraft.server.MinecraftServer/]: <2CS> press b
[14Nov2024 00:05:55.336] [Server thread/INFO] [net.minecraft.server.MinecraftServer/]: <nnicholas_c> sweet
[14Nov2024 00:06:12.966] [Server thread/INFO] [net.minecraft.server.MinecraftServer/]: Averygoogplayer has made the advancement [This Must be a Sign!]
[14Nov2024 00:06:13.107] [Server thread/INFO] [net.minecraft.server.MinecraftServer/]: nnicholas_c was slain by Enderman
[14Nov2024 00:06:46.217] [Server thread/INFO] [net.minecraft.server.MinecraftServer/]: <nnicholas_c> 1640 63
[14Nov2024 00:06:55.422] [Server thread/INFO] [net.minecraft.server.MinecraftServer/]: Incorrect argument for command
[14Nov2024 00:06:55.422] [Server thread/INFO] [net.minecraft.server.MinecraftServer/]: tp n/tp nnicholas_c thunderball<--[HERE]
[14Nov2024 00:07:01.668] [Server thread/INFO] [net.minecraft.server.MinecraftServer/]: Teleported nnicholas_c to thunderball
[14Nov2024 00:09:48.923] [Server thread/INFO] [net.minecraft.server.MinecraftServer/]: Averygoogplayer has made the advancement [Diamonds!]
[14Nov2024 00:11:03.355] [Server thread/INFO] [net.minecraft.server.MinecraftServer/]: <thunderball> where did u put my
[14Nov2024 00:11:06.336] [Server thread/INFO] [net.minecraft.server.MinecraftServer/]: <thunderball> uhh
[14Nov2024 00:11:07.819] [Server thread/INFO] [net.minecraft.server.MinecraftServer/]: <thunderball> spore
[14Nov2024 00:11:09.671] [Server thread/INFO] [net.minecraft.server.MinecraftServer/]: Averygoogplayer has made the advancement [Suit Up]
[14Nov2024 00:11:11.480] [Server thread/INFO] [net.minecraft.server.MinecraftServer/]: <2CS> its in a chest
[14Nov2024 00:11:38.610] [Server thread/INFO] [net.minecraft.server.MinecraftServer/]: <2CS> not here
[14Nov2024 00:11:41.425] [Server thread/INFO] [net.minecraft.server.MinecraftServer/]: <2CS> its in your chest
[14Nov2024 00:12:02.836] [Server thread/INFO] [net.minecraft.server.MinecraftServer/]: <2CS> here
[14Nov2024 00:12:06.631] [Server thread/INFO] [net.minecraft.server.MinecraftServer/]: <2CS> illcone
[14Nov2024 00:12:08.732] [Server thread/INFO] [net.minecraft.server.MinecraftServer/]: <thunderball> found it
[14Nov2024 00:13:49.616] [Server thread/INFO] [net.minecraft.server.MinecraftServer/]: 2CS has made the advancement [Red Nether]
[14Nov2024 00:14:08.062] [Server thread/INFO] [net.minecraft.server.MinecraftServer/]: <2CS> wow nice
[14Nov2024 00:15:39.967] [Server thread/INFO] [net.minecraft.server.MinecraftServer/]: 2CS has made the advancement [Harder than Diamond]
[14Nov2024 00:15:47.724] [Server thread/INFO] [net.minecraft.server.MinecraftServer/]: <thunderball> yo
[14Nov2024 00:15:49.860] [Server thread/INFO] [net.minecraft.server.MinecraftServer/]: Averygoogplayer has made the advancement [Not Today, Thank You]
[14Nov2024 00:15:50.813] [Server thread/INFO] [net.minecraft.server.MinecraftServer/]: <thunderball> u can craft waystones
[14Nov2024 00:15:53.559] [Server thread/INFO] [net.minecraft.server.MinecraftServer/]: <2CS> yes
[14Nov2024 00:15:54.476] [Server thread/INFO] [net.minecraft.server.MinecraftServer/]: <thunderball> and its not even that hard
[14Nov2024 00:15:58.764] [Server thread/INFO] [net.minecraft.server.MinecraftServer/]: <2CS> that's why i said mine anythest
[14Nov2024 00:16:08.273] [Server thread/INFO] [net.minecraft.server.MinecraftServer/]: <2CS> amythest is annoying to find
[14Nov2024 00:16:13.475] [Server thread/INFO] [net.minecraft.server.MinecraftServer/]: <2CS> are you in overworld
[14Nov2024 00:16:16.277] [Server thread/INFO] [net.minecraft.server.MinecraftServer/]: <thunderball> ur minimap tells you
[14Nov2024 00:16:16.375] [Server thread/INFO] [net.minecraft.server.MinecraftServer/]: <2CS> lemme come with
[14Nov2024 00:17:43.067] [Server thread/INFO] [net.minecraft.server.MinecraftServer/]: 2CS has made the advancement [Gone Bananas!]
[14Nov2024 00:17:45.382] [Server thread/INFO] [net.minecraft.server.MinecraftServer/]: <2CS> nice
[14Nov2024 00:18:20.882] [Server thread/INFO] [net.minecraft.server.MinecraftServer/]: <2CS> are you at ur house
[14Nov2024 00:18:24.023] [Server thread/INFO] [net.minecraft.server.MinecraftServer/]: <2CS> thunderblud
[14Nov2024 00:18:38.126] [Server thread/INFO] [net.minecraft.server.MinecraftServer/]: <thunderball> yeah
[14Nov2024 00:18:45.169] [Server thread/INFO] [net.minecraft.server.MinecraftServer/]: <2CS> can you tp me to you
[14Nov2024 00:19:08.010] [Server thread/INFO] [net.minecraft.world.entity.LivingEntity/]: Named entity Guard['Lenny'/250453, l='ServerLevel[world]', x=7113.61, y=66.00, z=249.50] died: Lenny was slain by Foliaath
[14Nov2024 00:19:10.240] [Server thread/INFO] [net.minecraft.server.MinecraftServer/]: Teleported 2CS to thunderball
[14Nov2024 00:19:14.660] [Server thread/INFO] [net.minecraft.server.MinecraftServer/]: <2CS> rip
[14Nov2024 00:19:17.907] [Server thread/INFO] [net.minecraft.server.MinecraftServer/]: <2CS> my horse didnt come
[14Nov2024 00:20:35.409] [Server thread/INFO] [net.minecraft.world.entity.npc.Villager/]: Villager Villager['Normand'/254470, l='ServerLevel[world]', x=876.60, y=62.94, z=330.54] died, message: 'Normand was slain by Zombie'
[14Nov2024 00:20:35.410] [Server thread/INFO] [net.minecraft.world.entity.LivingEntity/]: Named entity Villager['Normand'/254470, l='ServerLevel[world]', x=876.60, y=62.94, z=330.54] died: Normand was slain by Zombie
[14Nov2024 00:20:39.871] [Server thread/INFO] [net.minecraft.server.MinecraftServer/]: nnicholas_c has made the advancement [Diamonds!]
[14Nov2024 00:23:52.459] [Server thread/INFO] [net.minecraft.server.MinecraftServer/]: nnicholas_c was slain by Zombie
[14Nov2024 00:25:16.582] [Server thread/INFO] [net.minecraft.server.MinecraftServer/]: Incorrect argument for command
[14Nov2024 00:25:16.583] [Server thread/INFO] [net.minecraft.server.MinecraftServer/]: ...icholas_c 339 -18 C:\Users\frank\OneDrive\Documents\Minecraft\mc-server-share-main<--[HERE]
[14Nov2024 00:25:36.482] [Server thread/INFO] [net.minecraft.server.MinecraftServer/]: Teleported nnicholas_c to 339.500000, -18.000000, 500.500000
[14Nov2024 00:25:42.573] [Server thread/INFO] [net.minecraft.server.MinecraftServer/]: nnicholas_c suffocated in a wall
[14Nov2024 00:25:43.273] [Server thread/INFO] [net.minecraft.server.MinecraftServer/]: Teleported nnicholas_c to 339.500000, -18.000000, 400.500000
[14Nov2024 00:25:51.912] [Server thread/INFO] [net.minecraft.server.MinecraftServer/]: Teleported nnicholas_c to 339.500000, -18.000000, 400.500000
[14Nov2024 00:25:58.278] [Server thread/INFO] [net.minecraft.server.MinecraftServer/]: Teleported nnicholas_c to 339.500000, -18.000000, 300.500000
[14Nov2024 00:26:10.374] [Server thread/INFO] [net.minecraft.server.MinecraftServer/]: nnicholas_c suffocated in a wall
[14Nov2024 00:26:15.871] [Server thread/INFO] [net.minecraft.server.MinecraftServer/]: <2CS> gg
[14Nov2024 00:26:18.283] [Server thread/INFO] [net.minecraft.server.MinecraftServer/]: Teleported nnicholas_c to 339.500000, -18.000000, 100.500000
[14Nov2024 00:26:25.784] [Server thread/INFO] [net.minecraft.server.MinecraftServer/]: Teleported nnicholas_c to 339.500000, -18.000000, 150.500000
[14Nov2024 00:26:30.470] [Server thread/INFO] [net.minecraft.server.MinecraftServer/]: nnicholas_c suffocated in a wall
[14Nov2024 00:26:34.966] [Server thread/INFO] [net.minecraft.server.MinecraftServer/]: <2CS> manw
[14Nov2024 00:26:40.783] [Server thread/INFO] [net.minecraft.server.MinecraftServer/]: Teleported nnicholas_c to 339.500000, -18.000000, 300.500000
[14Nov2024 00:26:47.523] [Server thread/INFO] [net.minecraft.server.MinecraftServer/]: Teleported nnicholas_c to 339.500000, -18.000000, 400.500000
[14Nov2024 00:26:55.870] [Server thread/INFO] [net.minecraft.server.MinecraftServer/]: nnicholas_c suffocated in a wall
[14Nov2024 00:27:01.583] [Server thread/INFO] [net.minecraft.server.MinecraftServer/]: Teleported nnicholas_c to 339.500000, -18.000000, 400.500000
[14Nov2024 00:27:04.133] [Server thread/INFO] [net.minecraft.server.MinecraftServer/]: Averygoogplayer has reached the goal [This Belongs in a Museum]
[14Nov2024 00:27:14.615] [Server thread/INFO] [net.minecraft.server.MinecraftServer/]: nnicholas_c suffocated in a wall
[14Nov2024 00:27:14.688] [Server thread/INFO] [net.minecraft.server.MinecraftServer/]: Teleported nnicholas_c to 339.500000, -18.000000, 250.500000
[14Nov2024 00:27:18.426] [Server thread/INFO] [net.minecraft.server.MinecraftServer/]: <2CS> blu
[14Nov2024 00:27:24.872] [Server thread/INFO] [net.minecraft.server.MinecraftServer/]: Unknown or incomplete command, see below for error
[14Nov2024 00:27:24.872] [Server thread/INFO] [net.minecraft.server.MinecraftServer/]: <--[HERE]
[14Nov2024 00:27:26.732] [Server thread/INFO] [net.minecraft.server.MinecraftServer/]: Teleported nnicholas_c to 339.500000, -18.000000, 400.500000
[14Nov2024 00:27:30.072] [Server thread/INFO] [net.minecraft.server.MinecraftServer/]: Teleported nnicholas_c to 339.500000, -18.000000, 250.500000
[14Nov2024 00:29:42.983] [Server thread/INFO] [net.minecraft.server.MinecraftServer/]: <2CS> what yall doing
[14Nov2024 00:29:50.679] [Server thread/INFO] [net.minecraft.server.MinecraftServer/]: <thunderball> setting up base
[14Nov2024 00:29:50.867] [Server thread/INFO] [net.minecraft.server.MinecraftServer/]: <Averygoogplayer> miniung
[14Nov2024 00:29:56.574] [Server thread/INFO] [net.minecraft.server.MinecraftServer/]: <2CS> aight
[14Nov2024 00:30:14.366] [Server thread/INFO] [net.minecraft.server.MinecraftServer/]: Unknown or incomplete command, see below for error
[14Nov2024 00:30:14.366] [Server thread/INFO] [net.minecraft.server.MinecraftServer/]: <--[HERE]
[14Nov2024 00:30:22.984] [Server thread/INFO] [net.minecraft.server.MinecraftServer/]: Teleported Averygoogplayer to thunderball
[14Nov2024 00:32:18.559] [Server thread/WARN] [net.minecraft.server.level.ServerPlayerGameMode/]: Mismatch in destroy block pos: BlockPos{x=574, y=87, z=455} BlockPos{x=575, y=86, z=456}
[14Nov2024 00:32:39.266] [Server thread/WARN] [net.minecraft.server.level.ServerPlayerGameMode/]: Mismatch in destroy block pos: BlockPos{x=572, y=75, z=463} BlockPos{x=572, y=75, z=461}
[14Nov2024 00:32:51.275] [Server thread/WARN] [net.minecraft.server.level.ServerPlayerGameMode/]: Mismatch in destroy block pos: BlockPos{x=570, y=76, z=458} BlockPos{x=571, y=75, z=459}
[14Nov2024 00:32:51.320] [Server thread/WARN] [net.minecraft.server.level.ServerPlayerGameMode/]: Mismatch in destroy block pos: BlockPos{x=570, y=76, z=458} BlockPos{x=571, y=75, z=459}
[14Nov2024 00:35:43.966] [Server thread/INFO] [net.minecraft.server.MinecraftServer/]: Teleported nnicholas_c to Averygoogplayer
[14Nov2024 00:40:11.165] [Server thread/INFO] [net.minecraft.server.MinecraftServer/]: <thunderball> antony did u go south before
[14Nov2024 00:40:15.906] [Server thread/INFO] [net.minecraft.server.MinecraftServer/]: <2CS> yes
[14Nov2024 00:40:17.074] [Server thread/INFO] [net.minecraft.server.MinecraftServer/]: <2CS> kind of
[14Nov2024 00:40:23.576] [Server thread/INFO] [net.minecraft.server.MinecraftServer/]: Incorrect argument for command
[14Nov2024 00:40:23.577] [Server thread/INFO] [net.minecraft.server.MinecraftServer/]: tp nnicholas_c/tp t/tp nnicholas_c thunderball<--[HERE]
[14Nov2024 00:40:27.928] [Server thread/INFO] [net.minecraft.server.MinecraftServer/]: <2CS> actually not really
[14Nov2024 00:40:33.897] [Server thread/INFO] [net.minecraft.server.MinecraftServer/]: Teleported nnicholas_c to thunderball
[14Nov2024 00:40:44.919] [Server thread/INFO] [net.minecraft.world.entity.LivingEntity/]: Named entity Guard['Delmer'/270796, l='ServerLevel[world]', x=509.28, y=64.00, z=1060.75] died: Delmer was slain by Zombie
[14Nov2024 00:40:51.832] [Server thread/INFO] [net.minecraft.server.MinecraftServer/]: <2CS> 2020 is basically the most south ive been
[14Nov2024 00:40:56.467] [Server thread/INFO] [net.minecraft.server.MinecraftServer/]: <2CS> unless you count nether
[14Nov2024 00:42:04.443] [Server thread/INFO] [net.minecraft.world.entity.npc.Villager/]: Villager Villager['Lonnie'/270940, l='ServerLevel[world]', x=458.66, y=65.00, z=1080.69] died, message: 'Lonnie was slain by Foliaath'
[14Nov2024 00:42:04.444] [Server thread/INFO] [net.minecraft.world.entity.LivingEntity/]: Named entity Villager['Lonnie'/270940, l='ServerLevel[world]', x=458.66, y=65.00, z=1080.69] died: Lonnie was slain by Foliaath
[14Nov2024 00:42:49.372] [Server thread/INFO] [net.minecraft.server.MinecraftServer/]: Averygoogplayer fell from a high place
[14Nov2024 00:43:30.366] [Server thread/INFO] [net.minecraft.server.MinecraftServer/]: nnicholas_c has made the advancement [We Just Want our Hat Back]
[14Nov2024 00:43:38.281] [Server thread/INFO] [net.minecraft.server.MinecraftServer/]: thunderball has made the advancement [We Just Want our Hat Back]
[14Nov2024 00:43:57.200] [Server thread/WARN] [net.minecraft.world.level.entity.PersistentEntitySectionManager/]: UUID of added entity already exists: Drowned['Drowned'/277207, l='ServerLevel[world]', x=144.50, y=56.00, z=1033.50]
[14Nov2024 00:44:36.214] [Server thread/INFO] [net.minecraft.server.MinecraftServer/]: thunderball has made the advancement [Jaws]
[14Nov2024 00:44:36.864] [Server thread/INFO] [net.minecraft.server.MinecraftServer/]: nnicholas_c has made the advancement [Jaws]
[14Nov2024 00:44:41.532] [Server thread/INFO] [net.minecraft.server.MinecraftServer/]: <2CS> ayo
[14Nov2024 00:44:41.985] [Worker-Main-732/WARN] [com.finndog.mvs.MVSCommon/]: Moog's Voyager Structures: Empty or nonexistent pool: mvs:farm/side_pool which is being called from mvs:other_decoration/wooden_wheat_farm
[14Nov2024 00:45:39.480] [Server thread/INFO] [net.minecraft.server.MinecraftServer/]: Unknown or incomplete command, see below for error
[14Nov2024 00:45:39.481] [Server thread/INFO] [net.minecraft.server.MinecraftServer/]:  /tp averygoogplayer nnicholas_c<--[HERE]
[14Nov2024 00:45:46.530] [Server thread/INFO] [net.minecraft.server.MinecraftServer/]: Teleported Averygoogplayer to nnicholas_c
[14Nov2024 00:45:46.952] [Server thread/INFO] [net.minecraft.server.MinecraftServer/]: Averygoogplayer has made the advancement [Jaws]
[14Nov2024 00:48:06.807] [Server thread/INFO] [net.minecraft.server.MinecraftServer/]: Averygoogplayer has made the advancement [A Small Price to Pay...]
[14Nov2024 00:48:06.914] [Server thread/INFO] [net.minecraft.server.MinecraftServer/]: nnicholas_c has made the advancement [A Small Price to Pay...]
[14Nov2024 00:51:56.810] [Server thread/WARN] [net.minecraft.server.level.ServerPlayerGameMode/]: Mismatch in destroy block pos: BlockPos{x=332, y=127, z=1357} BlockPos{x=332, y=128, z=1357}
[14Nov2024 00:53:37.225] [Server thread/WARN] [net.minecraft.server.network.ServerGamePacketListenerImpl/]: Boat (vehicle of thunderball) moved wrongly! 0.46658406816521847
[14Nov2024 00:55:42.221] [Server thread/INFO] [net.minecraft.server.MinecraftServer/]: <2CS> o7
[14Nov2024 00:55:43.776] [Server thread/INFO] [net.minecraft.server.network.ServerGamePacketListenerImpl/]: 2CS lost connection: Disconnected
[14Nov2024 00:55:43.776] [Server thread/INFO] [net.minecraft.server.MinecraftServer/]: 2CS left the game
[14Nov2024 00:55:43.776] [Server thread/INFO] [xaero.pac.OpenPartiesAndClaims/]: Updating all forceload tickets for 3e22209e-686b-4f50-a45e-07d656f935ac
[14Nov2024 00:59:13.209] [Server thread/INFO] [net.minecraft.server.MinecraftServer/]: Averygoogplayer has made the advancement [Cover Me with Diamonds]
[14Nov2024 01:02:28.028] [Server thread/WARN] [net.minecraft.server.network.ServerGamePacketListenerImpl/]: Boat (vehicle of Averygoogplayer) moved wrongly! 0.3328766395416096
[14Nov2024 01:04:03.966] [Server thread/INFO] [net.minecraft.server.MinecraftServer/]: Averygoogplayer has made the advancement [Masquerade]
[14Nov2024 01:05:36.509] [Server thread/INFO] [net.minecraft.server.MinecraftServer/]: thunderball has made the advancement [A Small Price to Pay...]
[14Nov2024 01:06:53.101] [Server thread/INFO] [net.minecraft.server.MinecraftServer/]: thunderball has made the advancement [Mine? Mine? Mine?]
[14Nov2024 01:06:53.204] [Server thread/INFO] [net.minecraft.server.MinecraftServer/]: Averygoogplayer has made the advancement [Mine? Mine? Mine?]
[14Nov2024 01:09:33.856] [Server thread/INFO] [net.minecraft.server.MinecraftServer/]: nnicholas_c has reached the goal [Flowers of the Savanna]
[14Nov2024 01:10:30.756] [Server thread/INFO] [net.minecraft.server.network.ServerGamePacketListenerImpl/]: thunderball lost connection: Disconnected
[14Nov2024 01:10:30.756] [Server thread/INFO] [net.minecraft.server.MinecraftServer/]: thunderball left the game
[14Nov2024 01:10:30.756] [Server thread/INFO] [xaero.pac.OpenPartiesAndClaims/]: Updating all forceload tickets for 51663a42-2b1d-46a3-8338-adb5a6225ee0
[14Nov2024 01:10:33.266] [Server thread/INFO] [net.minecraft.server.network.ServerGamePacketListenerImpl/]: nnicholas_c lost connection: Disconnected
[14Nov2024 01:10:33.266] [Server thread/INFO] [net.minecraft.server.MinecraftServer/]: nnicholas_c left the game
[14Nov2024 01:10:33.266] [Server thread/INFO] [xaero.pac.OpenPartiesAndClaims/]: Updating all forceload tickets for a0ca20b0-cbaf-4a1f-ae79-a59b3d99663a
[14Nov2024 01:10:33.364] [Server thread/INFO] [net.minecraft.server.network.ServerGamePacketListenerImpl/]: Averygoogplayer lost connection: Disconnected
[14Nov2024 01:10:33.364] [Server thread/INFO] [net.minecraft.server.MinecraftServer/]: Averygoogplayer left the game
[14Nov2024 01:10:33.364] [Server thread/INFO] [xaero.pac.OpenPartiesAndClaims/]: Updating all forceload tickets for 0b7d95b9-a3bc-4fe3-bc49-e1b0ed8eeeeb
[14Nov2024 01:11:05.539] [Server thread/INFO] [net.minecraft.server.MinecraftServer/]: Stopping the server
[14Nov2024 01:11:05.594] [Server thread/INFO] [net.minecraft.server.MinecraftServer/]: Stopping server
[14Nov2024 01:11:05.598] [Server thread/INFO] [net.minecraft.server.MinecraftServer/]: Saving players
[14Nov2024 01:11:05.598] [Server thread/INFO] [net.minecraft.server.MinecraftServer/]: Saving worlds
[14Nov2024 01:11:05.649] [Server thread/INFO] [net.minecraft.server.MinecraftServer/]: Saving chunks for level 'ServerLevel[world]'/minecraft:overworld
[14Nov2024 01:11:06.004] [Server thread/INFO] [net.minecraft.server.MinecraftServer/]: Saving chunks for level 'ServerLevel[world]'/deeperdarker:otherside
[14Nov2024 01:11:06.005] [Server thread/INFO] [net.minecraft.server.MinecraftServer/]: Saving chunks for level 'ServerLevel[world]'/blue_skies:everdawn
[14Nov2024 01:11:06.006] [Server thread/INFO] [net.minecraft.server.MinecraftServer/]: Saving chunks for level 'ServerLevel[world]'/twilightforest:twilight_forest
[14Nov2024 01:11:06.009] [Server thread/INFO] [net.minecraft.server.MinecraftServer/]: Saving chunks for level 'ServerLevel[world]'/blue_skies:everbright
[14Nov2024 01:11:06.010] [Server thread/INFO] [net.minecraft.server.MinecraftServer/]: Saving chunks for level 'ServerLevel[world]'/minecraft:the_nether
[14Nov2024 01:11:06.106] [Server thread/INFO] [net.minecraft.server.MinecraftServer/]: Saving chunks for level 'ServerLevel[world]'/aether:the_aether
[14Nov2024 01:11:06.107] [Server thread/INFO] [net.minecraft.server.MinecraftServer/]: Saving chunks for level 'ServerLevel[world]'/minecraft:the_end
[14Nov2024 01:11:06.330] [Server thread/INFO] [net.minecraft.server.MinecraftServer/]: ThreadedAnvilChunkStorage (world): All chunks are saved
[14Nov2024 01:11:06.330] [Server thread/INFO] [net.minecraft.server.MinecraftServer/]: ThreadedAnvilChunkStorage (otherside): All chunks are saved
[14Nov2024 01:11:06.330] [Server thread/INFO] [net.minecraft.server.MinecraftServer/]: ThreadedAnvilChunkStorage (everdawn): All chunks are saved
[14Nov2024 01:11:06.330] [Server thread/INFO] [net.minecraft.server.MinecraftServer/]: ThreadedAnvilChunkStorage (twilight_forest): All chunks are saved
[14Nov2024 01:11:06.330] [Server thread/INFO] [net.minecraft.server.MinecraftServer/]: ThreadedAnvilChunkStorage (everbright): All chunks are saved
[14Nov2024 01:11:06.330] [Server thread/INFO] [net.minecraft.server.MinecraftServer/]: ThreadedAnvilChunkStorage (DIM-1): All chunks are saved
[14Nov2024 01:11:06.330] [Server thread/INFO] [net.minecraft.server.MinecraftServer/]: ThreadedAnvilChunkStorage (the_aether): All chunks are saved
[14Nov2024 01:11:06.330] [Server thread/INFO] [net.minecraft.server.MinecraftServer/]: ThreadedAnvilChunkStorage (DIM1): All chunks are saved
[14Nov2024 01:11:06.330] [Server thread/INFO] [net.minecraft.server.MinecraftServer/]: ThreadedAnvilChunkStorage: All dimensions are saved
[14Nov2024 01:11:08.060] [Server thread/INFO] [xaero.pac.OpenPartiesAndClaims/]: Stopping IO worker...
[14Nov2024 01:11:08.069] [Server thread/INFO] [xaero.pac.OpenPartiesAndClaims/]: Stopped IO worker!
[14Nov2024 01:11:08.079] [Server thread/INFO] [Framework/]: Unloading server configs...
[14Nov2024 01:11:08.084] [Server thread/INFO] [Framework/]: Sending config unload event for backpacked.server.toml
[14Nov2024 01:11:08.085] [Server thread/INFO] [Framework/]: Sending config unload event for goblintraders-entities.toml
